
> server@0.0.1 start
> nest start

[32m[Nest] 45371  - [39m12/09/2025, 11:28:40 AM [32m    LOG[39m [38;5;3m[NestFactory] [39m[32mStarting Nest application...[39m
[32m[Nest] 45371  - [39m12/09/2025, 11:28:40 AM [32m    LOG[39m [38;5;3m[InstanceLoader] [39m[32mPassportModule dependencies initialized[39m[38;5;3m +8ms[39m
[32m[Nest] 45371  - [39m12/09/2025, 11:28:40 AM [32m    LOG[39m [38;5;3m[InstanceLoader] [39m[32mPrismaModule dependencies initialized[39m[38;5;3m +27ms[39m
[32m[Nest] 45371  - [39m12/09/2025, 11:28:40 AM [32m    LOG[39m [38;5;3m[InstanceLoader] [39m[32mConfigHostModule dependencies initialized[39m[38;5;3m +28ms[39m
[32m[Nest] 45371  - [39m12/09/2025, 11:28:40 AM [32m    LOG[39m [38;5;3m[InstanceLoader] [39m[32mPermissionsModule dependencies initialized[39m[38;5;3m +0ms[39m
[32m[Nest] 45371  - [39m12/09/2025, 11:28:40 AM [32m    LOG[39m [38;5;3m[InstanceLoader] [39m[32mConfigModule dependencies initialized[39m[38;5;3m +1ms[39m
[32m[Nest] 45371  - [39m12/09/2025, 11:28:40 AM [32m    LOG[39m [38;5;3m[InstanceLoader] [39m[32mConfigModule dependencies initialized[39m[38;5;3m +0ms[39m
[32m[Nest] 45371  - [39m12/09/2025, 11:28:40 AM [32m    LOG[39m [38;5;3m[InstanceLoader] [39m[32mAppModule dependencies initialized[39m[38;5;3m +0ms[39m
[32m[Nest] 45371  - [39m12/09/2025, 11:28:40 AM [32m    LOG[39m [38;5;3m[InstanceLoader] [39m[32mJwtModule dependencies initialized[39m[38;5;3m +0ms[39m
[32m[Nest] 45371  - [39m12/09/2025, 11:28:40 AM [32m    LOG[39m [38;5;3m[InstanceLoader] [39m[32mUsersModule dependencies initialized[39m[38;5;3m +1ms[39m
[32m[Nest] 45371  - [39m12/09/2025, 11:28:40 AM [32m    LOG[39m [38;5;3m[InstanceLoader] [39m[32mFoldersModule dependencies initialized[39m[38;5;3m +0ms[39m
[32m[Nest] 45371  - [39m12/09/2025, 11:28:40 AM [32m    LOG[39m [38;5;3m[InstanceLoader] [39m[32mListsModule dependencies initialized[39m[38;5;3m +0ms[39m
[32m[Nest] 45371  - [39m12/09/2025, 11:28:40 AM [32m    LOG[39m [38;5;3m[InstanceLoader] [39m[32mTasksModule dependencies initialized[39m[38;5;3m +0ms[39m
[32m[Nest] 45371  - [39m12/09/2025, 11:28:40 AM [32m    LOG[39m [38;5;3m[InstanceLoader] [39m[32mAttachmentsModule dependencies initialized[39m[38;5;3m +0ms[39m
[32m[Nest] 45371  - [39m12/09/2025, 11:28:40 AM [32m    LOG[39m [38;5;3m[InstanceLoader] [39m[32mSpacesModule dependencies initialized[39m[38;5;3m +0ms[39m
[32m[Nest] 45371  - [39m12/09/2025, 11:28:40 AM [32m    LOG[39m [38;5;3m[InstanceLoader] [39m[32mAuthModule dependencies initialized[39m[38;5;3m +0ms[39m
[32m[Nest] 45371  - [39m12/09/2025, 11:28:40 AM [32m    LOG[39m [38;5;3m[RoutesResolver] [39m[32mAppController {/}:[39m[38;5;3m +2ms[39m
[32m[Nest] 45371  - [39m12/09/2025, 11:28:40 AM [32m    LOG[39m [38;5;3m[RouterExplorer] [39m[32mMapped {/, GET} route[39m[38;5;3m +1ms[39m
[32m[Nest] 45371  - [39m12/09/2025, 11:28:40 AM [32m    LOG[39m [38;5;3m[RoutesResolver] [39m[32mAuthController {/v1/auth}:[39m[38;5;3m +0ms[39m
[32m[Nest] 45371  - [39m12/09/2025, 11:28:40 AM [32m    LOG[39m [38;5;3m[RouterExplorer] [39m[32mMapped {/v1/auth/login, POST} route[39m[38;5;3m +1ms[39m
[32m[Nest] 45371  - [39m12/09/2025, 11:28:40 AM [32m    LOG[39m [38;5;3m[RouterExplorer] [39m[32mMapped {/v1/auth/register, POST} route[39m[38;5;3m +0ms[39m
[32m[Nest] 45371  - [39m12/09/2025, 11:28:40 AM [32m    LOG[39m [38;5;3m[RoutesResolver] [39m[32mSpacesController {/v1/spaces}:[39m[38;5;3m +0ms[39m
[32m[Nest] 45371  - [39m12/09/2025, 11:28:40 AM [32m    LOG[39m [38;5;3m[RouterExplorer] [39m[32mMapped {/v1/spaces, POST} route[39m[38;5;3m +0ms[39m
[32m[Nest] 45371  - [39m12/09/2025, 11:28:40 AM [32m    LOG[39m [38;5;3m[RouterExplorer] [39m[32mMapped {/v1/spaces, GET} route[39m[38;5;3m +0ms[39m
[32m[Nest] 45371  - [39m12/09/2025, 11:28:40 AM [32m    LOG[39m [38;5;3m[RouterExplorer] [39m[32mMapped {/v1/spaces/:id, GET} route[39m[38;5;3m +0ms[39m
[32m[Nest] 45371  - [39m12/09/2025, 11:28:40 AM [32m    LOG[39m [38;5;3m[RouterExplorer] [39m[32mMapped {/v1/spaces/:id/members, POST} route[39m[38;5;3m +0ms[39m
[32m[Nest] 45371  - [39m12/09/2025, 11:28:40 AM [32m    LOG[39m [38;5;3m[RouterExplorer] [39m[32mMapped {/v1/spaces/:id, PUT} route[39m[38;5;3m +1ms[39m
[32m[Nest] 45371  - [39m12/09/2025, 11:28:40 AM [32m    LOG[39m [38;5;3m[RouterExplorer] [39m[32mMapped {/v1/spaces/:id, DELETE} route[39m[38;5;3m +0ms[39m
[32m[Nest] 45371  - [39m12/09/2025, 11:28:40 AM [32m    LOG[39m [38;5;3m[RoutesResolver] [39m[32mFoldersController {/v1}:[39m[38;5;3m +0ms[39m
[32m[Nest] 45371  - [39m12/09/2025, 11:28:40 AM [32m    LOG[39m [38;5;3m[RouterExplorer] [39m[32mMapped {/v1/spaces/:spaceId/folders, POST} route[39m[38;5;3m +0ms[39m
[32m[Nest] 45371  - [39m12/09/2025, 11:28:40 AM [32m    LOG[39m [38;5;3m[RouterExplorer] [39m[32mMapped {/v1/spaces/:spaceId/folders, GET} route[39m[38;5;3m +0ms[39m
[32m[Nest] 45371  - [39m12/09/2025, 11:28:40 AM [32m    LOG[39m [38;5;3m[RouterExplorer] [39m[32mMapped {/v1/folders/:id, GET} route[39m[38;5;3m +0ms[39m
[32m[Nest] 45371  - [39m12/09/2025, 11:28:40 AM [32m    LOG[39m [38;5;3m[RouterExplorer] [39m[32mMapped {/v1/folders/:id, PUT} route[39m[38;5;3m +0ms[39m
[32m[Nest] 45371  - [39m12/09/2025, 11:28:40 AM [32m    LOG[39m [38;5;3m[RouterExplorer] [39m[32mMapped {/v1/folders/:id, DELETE} route[39m[38;5;3m +0ms[39m
[32m[Nest] 45371  - [39m12/09/2025, 11:28:40 AM [32m    LOG[39m [38;5;3m[RoutesResolver] [39m[32mListsController {/v1}:[39m[38;5;3m +1ms[39m
[32m[Nest] 45371  - [39m12/09/2025, 11:28:40 AM [32m    LOG[39m [38;5;3m[RouterExplorer] [39m[32mMapped {/v1/folders/:folderId/lists, POST} route[39m[38;5;3m +0ms[39m
[32m[Nest] 45371  - [39m12/09/2025, 11:28:40 AM [32m    LOG[39m [38;5;3m[RouterExplorer] [39m[32mMapped {/v1/folders/:folderId/lists, GET} route[39m[38;5;3m +0ms[39m
[32m[Nest] 45371  - [39m12/09/2025, 11:28:40 AM [32m    LOG[39m [38;5;3m[RouterExplorer] [39m[32mMapped {/v1/lists/:id, GET} route[39m[38;5;3m +0ms[39m
[32m[Nest] 45371  - [39m12/09/2025, 11:28:40 AM [32m    LOG[39m [38;5;3m[RouterExplorer] [39m[32mMapped {/v1/lists/:id, PUT} route[39m[38;5;3m +0ms[39m
[32m[Nest] 45371  - [39m12/09/2025, 11:28:40 AM [32m    LOG[39m [38;5;3m[RouterExplorer] [39m[32mMapped {/v1/lists/:id, DELETE} route[39m[38;5;3m +0ms[39m
[32m[Nest] 45371  - [39m12/09/2025, 11:28:40 AM [32m    LOG[39m [38;5;3m[RoutesResolver] [39m[32mTasksController {/v1}:[39m[38;5;3m +0ms[39m
[32m[Nest] 45371  - [39m12/09/2025, 11:28:40 AM [32m    LOG[39m [38;5;3m[RouterExplorer] [39m[32mMapped {/v1/lists/:listId/tasks, POST} route[39m[38;5;3m +0ms[39m
[32m[Nest] 45371  - [39m12/09/2025, 11:28:40 AM [32m    LOG[39m [38;5;3m[RouterExplorer] [39m[32mMapped {/v1/lists/:listId/tasks, GET} route[39m[38;5;3m +0ms[39m
[32m[Nest] 45371  - [39m12/09/2025, 11:28:40 AM [32m    LOG[39m [38;5;3m[RouterExplorer] [39m[32mMapped {/v1/tasks/:id, GET} route[39m[38;5;3m +0ms[39m
[32m[Nest] 45371  - [39m12/09/2025, 11:28:40 AM [32m    LOG[39m [38;5;3m[RouterExplorer] [39m[32mMapped {/v1/tasks/:id, PUT} route[39m[38;5;3m +0ms[39m
[32m[Nest] 45371  - [39m12/09/2025, 11:28:40 AM [32m    LOG[39m [38;5;3m[RouterExplorer] [39m[32mMapped {/v1/tasks/:id, DELETE} route[39m[38;5;3m +0ms[39m
[32m[Nest] 45371  - [39m12/09/2025, 11:28:40 AM [32m    LOG[39m [38;5;3m[RouterExplorer] [39m[32mMapped {/v1/tasks/:id/assignees, POST} route[39m[38;5;3m +0ms[39m
[32m[Nest] 45371  - [39m12/09/2025, 11:28:40 AM [32m    LOG[39m [38;5;3m[RouterExplorer] [39m[32mMapped {/v1/tasks/:taskId/assignees/:userId, DELETE} route[39m[38;5;3m +0ms[39m
[32m[Nest] 45371  - [39m12/09/2025, 11:28:40 AM [32m    LOG[39m [38;5;3m[RouterExplorer] [39m[32mMapped {/v1/tasks/:id/tags, POST} route[39m[38;5;3m +0ms[39m
[32m[Nest] 45371  - [39m12/09/2025, 11:28:40 AM [32m    LOG[39m [38;5;3m[RouterExplorer] [39m[32mMapped {/v1/tasks/:taskId/tags/:tagId, DELETE} route[39m[38;5;3m +0ms[39m
[32m[Nest] 45371  - [39m12/09/2025, 11:28:40 AM [32m    LOG[39m [38;5;3m[RoutesResolver] [39m[32mAttachmentsController {/v1}:[39m[38;5;3m +0ms[39m
[32m[Nest] 45371  - [39m12/09/2025, 11:28:40 AM [32m    LOG[39m [38;5;3m[RouterExplorer] [39m[32mMapped {/v1/tasks/:taskId/attachments, POST} route[39m[38;5;3m +0ms[39m
[32m[Nest] 45371  - [39m12/09/2025, 11:28:40 AM [32m    LOG[39m [38;5;3m[RouterExplorer] [39m[32mMapped {/v1/attachments/:id, DELETE} route[39m[38;5;3m +0ms[39m
[32m[Nest] 45371  - [39m12/09/2025, 11:28:40 AM [32m    LOG[39m [38;5;3m[RoutesResolver] [39m[32mUsersController {/v1/users}:[39m[38;5;3m +0ms[39m
[32m[Nest] 45371  - [39m12/09/2025, 11:28:40 AM [32m    LOG[39m [38;5;3m[RouterExplorer] [39m[32mMapped {/v1/users, GET} route[39m[38;5;3m +0ms[39m
[32m[Nest] 45371  - [39m12/09/2025, 11:28:40 AM [32m    LOG[39m [38;5;3m[RouterExplorer] [39m[32mMapped {/v1/users/:id, GET} route[39m[38;5;3m +1ms[39m
[32m[Nest] 45371  - [39m12/09/2025, 11:28:40 AM [32m    LOG[39m [38;5;3m[RouterExplorer] [39m[32mMapped {/v1/users/:id, PUT} route[39m[38;5;3m +0ms[39m
[32m[Nest] 45371  - [39m12/09/2025, 11:28:40 AM [32m    LOG[39m [38;5;3m[RouterExplorer] [39m[32mMapped {/v1/users/:id, DELETE} route[39m[38;5;3m +0ms[39m
prisma:info Starting a postgresql pool with 17 connections.
[32m[Nest] 45371  - [39m12/09/2025, 11:28:40 AM [32m    LOG[39m [38;5;3m[NestApplication] [39m[32mNest application successfully started[39m[38;5;3m +64ms[39m
